gcc -D_FORTIFY_SOURCE=2 -D_GNU_SOURCE -D_FILE_OFFSET_BITS=64 -D_LARGEFILE_SOURCE -Wstrict-prototypes -Wredundant-decls -Wall -Wundef -Wendif-labels -Wwrite-strings -Wmissing-prototypes -fno-strict-aliasing -c -o /tmp/qemu-conf--23379-.o /tmp/qemu-conf--23379-.c
/tmp/qemu-conf--23379-.c:2:2: error: #error Not defined
 #error Not defined
  ^
gcc -D_FORTIFY_SOURCE=2 -D_GNU_SOURCE -D_FILE_OFFSET_BITS=64 -D_LARGEFILE_SOURCE -Wstrict-prototypes -Wredundant-decls -Wall -Wundef -Wendif-labels -Wwrite-strings -Wmissing-prototypes -fno-strict-aliasing -c -o /tmp/qemu-conf--23379-.o /tmp/qemu-conf--23379-.c
gcc -D_FORTIFY_SOURCE=2 -D_GNU_SOURCE -D_FILE_OFFSET_BITS=64 -D_LARGEFILE_SOURCE -Wstrict-prototypes -Wredundant-decls -Wall -Wundef -Wendif-labels -Wwrite-strings -Wmissing-prototypes -fno-strict-aliasing -c -o /tmp/qemu-conf--23379-.o /tmp/qemu-conf--23379-.c
gcc -m64 -D_FORTIFY_SOURCE=2 -D_GNU_SOURCE -D_FILE_OFFSET_BITS=64 -D_LARGEFILE_SOURCE -Wstrict-prototypes -Wredundant-decls -Wall -Wundef -Wendif-labels -Wwrite-strings -Wmissing-prototypes -fno-strict-aliasing -c -o /tmp/qemu-conf--23379-.o /tmp/qemu-conf--23379-.c
gcc -m64 -D_FORTIFY_SOURCE=2 -D_GNU_SOURCE -D_FILE_OFFSET_BITS=64 -D_LARGEFILE_SOURCE -Wstrict-prototypes -Wredundant-decls -Wall -Wundef -Wendif-labels -Wwrite-strings -Wmissing-prototypes -fno-strict-aliasing -Werror -m64 -D_FORTIFY_SOURCE=2 -D_GNU_SOURCE -D_FILE_OFFSET_BITS=64 -D_LARGEFILE_SOURCE -Wstrict-prototypes -Wredundant-decls -Wall -Wundef -Wendif-labels -Wwrite-strings -Wmissing-prototypes -fno-strict-aliasing -o /tmp/qemu-conf--23379-.exe /tmp/qemu-conf--23379-.c -m64 -g -Werror -fstack-protector-all
gcc -m64 -D_FORTIFY_SOURCE=2 -D_GNU_SOURCE -D_FILE_OFFSET_BITS=64 -D_LARGEFILE_SOURCE -Wstrict-prototypes -Wredundant-decls -Wall -Wundef -Wendif-labels -Wwrite-strings -Wmissing-prototypes -fno-strict-aliasing -fstack-protector-all -Werror -m64 -D_FORTIFY_SOURCE=2 -D_GNU_SOURCE -D_FILE_OFFSET_BITS=64 -D_LARGEFILE_SOURCE -Wstrict-prototypes -Wredundant-decls -Wall -Wundef -Wendif-labels -Wwrite-strings -Wmissing-prototypes -fno-strict-aliasing -fstack-protector-all -o /tmp/qemu-conf--23379-.exe /tmp/qemu-conf--23379-.c -m64 -g -Werror -Wmissing-include-dirs
gcc -m64 -D_FORTIFY_SOURCE=2 -D_GNU_SOURCE -D_FILE_OFFSET_BITS=64 -D_LARGEFILE_SOURCE -Wstrict-prototypes -Wredundant-decls -Wall -Wundef -Wendif-labels -Wwrite-strings -Wmissing-prototypes -fno-strict-aliasing -fstack-protector-all -Wmissing-include-dirs -Werror -m64 -D_FORTIFY_SOURCE=2 -D_GNU_SOURCE -D_FILE_OFFSET_BITS=64 -D_LARGEFILE_SOURCE -Wstrict-prototypes -Wredundant-decls -Wall -Wundef -Wendif-labels -Wwrite-strings -Wmissing-prototypes -fno-strict-aliasing -fstack-protector-all -Wmissing-include-dirs -o /tmp/qemu-conf--23379-.exe /tmp/qemu-conf--23379-.c -m64 -g -Werror -Wempty-body
gcc -m64 -D_FORTIFY_SOURCE=2 -D_GNU_SOURCE -D_FILE_OFFSET_BITS=64 -D_LARGEFILE_SOURCE -Wstrict-prototypes -Wredundant-decls -Wall -Wundef -Wendif-labels -Wwrite-strings -Wmissing-prototypes -fno-strict-aliasing -fstack-protector-all -Wmissing-include-dirs -Wempty-body -Werror -m64 -D_FORTIFY_SOURCE=2 -D_GNU_SOURCE -D_FILE_OFFSET_BITS=64 -D_LARGEFILE_SOURCE -Wstrict-prototypes -Wredundant-decls -Wall -Wundef -Wendif-labels -Wwrite-strings -Wmissing-prototypes -fno-strict-aliasing -fstack-protector-all -Wmissing-include-dirs -Wempty-body -o /tmp/qemu-conf--23379-.exe /tmp/qemu-conf--23379-.c -m64 -g -Werror -Wnested-externs
gcc -m64 -D_FORTIFY_SOURCE=2 -D_GNU_SOURCE -D_FILE_OFFSET_BITS=64 -D_LARGEFILE_SOURCE -Wstrict-prototypes -Wredundant-decls -Wall -Wundef -Wendif-labels -Wwrite-strings -Wmissing-prototypes -fno-strict-aliasing -fstack-protector-all -Wmissing-include-dirs -Wempty-body -Wnested-externs -Werror -m64 -D_FORTIFY_SOURCE=2 -D_GNU_SOURCE -D_FILE_OFFSET_BITS=64 -D_LARGEFILE_SOURCE -Wstrict-prototypes -Wredundant-decls -Wall -Wundef -Wendif-labels -Wwrite-strings -Wmissing-prototypes -fno-strict-aliasing -fstack-protector-all -Wmissing-include-dirs -Wempty-body -Wnested-externs -o /tmp/qemu-conf--23379-.exe /tmp/qemu-conf--23379-.c -m64 -g -Werror -Wformat-security
gcc -m64 -D_FORTIFY_SOURCE=2 -D_GNU_SOURCE -D_FILE_OFFSET_BITS=64 -D_LARGEFILE_SOURCE -Wstrict-prototypes -Wredundant-decls -Wall -Wundef -Wendif-labels -Wwrite-strings -Wmissing-prototypes -fno-strict-aliasing -fstack-protector-all -Wmissing-include-dirs -Wempty-body -Wnested-externs -Wformat-security -Werror -m64 -D_FORTIFY_SOURCE=2 -D_GNU_SOURCE -D_FILE_OFFSET_BITS=64 -D_LARGEFILE_SOURCE -Wstrict-prototypes -Wredundant-decls -Wall -Wundef -Wendif-labels -Wwrite-strings -Wmissing-prototypes -fno-strict-aliasing -fstack-protector-all -Wmissing-include-dirs -Wempty-body -Wnested-externs -Wformat-security -o /tmp/qemu-conf--23379-.exe /tmp/qemu-conf--23379-.c -m64 -g -Werror -Wformat-y2k
gcc -m64 -D_FORTIFY_SOURCE=2 -D_GNU_SOURCE -D_FILE_OFFSET_BITS=64 -D_LARGEFILE_SOURCE -Wstrict-prototypes -Wredundant-decls -Wall -Wundef -Wendif-labels -Wwrite-strings -Wmissing-prototypes -fno-strict-aliasing -fstack-protector-all -Wmissing-include-dirs -Wempty-body -Wnested-externs -Wformat-security -Wformat-y2k -Werror -m64 -D_FORTIFY_SOURCE=2 -D_GNU_SOURCE -D_FILE_OFFSET_BITS=64 -D_LARGEFILE_SOURCE -Wstrict-prototypes -Wredundant-decls -Wall -Wundef -Wendif-labels -Wwrite-strings -Wmissing-prototypes -fno-strict-aliasing -fstack-protector-all -Wmissing-include-dirs -Wempty-body -Wnested-externs -Wformat-security -Wformat-y2k -o /tmp/qemu-conf--23379-.exe /tmp/qemu-conf--23379-.c -m64 -g -Werror -Winit-self
gcc -m64 -D_FORTIFY_SOURCE=2 -D_GNU_SOURCE -D_FILE_OFFSET_BITS=64 -D_LARGEFILE_SOURCE -Wstrict-prototypes -Wredundant-decls -Wall -Wundef -Wendif-labels -Wwrite-strings -Wmissing-prototypes -fno-strict-aliasing -fstack-protector-all -Wmissing-include-dirs -Wempty-body -Wnested-externs -Wformat-security -Wformat-y2k -Winit-self -Werror -m64 -D_FORTIFY_SOURCE=2 -D_GNU_SOURCE -D_FILE_OFFSET_BITS=64 -D_LARGEFILE_SOURCE -Wstrict-prototypes -Wredundant-decls -Wall -Wundef -Wendif-labels -Wwrite-strings -Wmissing-prototypes -fno-strict-aliasing -fstack-protector-all -Wmissing-include-dirs -Wempty-body -Wnested-externs -Wformat-security -Wformat-y2k -Winit-self -o /tmp/qemu-conf--23379-.exe /tmp/qemu-conf--23379-.c -m64 -g -Werror -Wignored-qualifiers
gcc -m64 -D_FORTIFY_SOURCE=2 -D_GNU_SOURCE -D_FILE_OFFSET_BITS=64 -D_LARGEFILE_SOURCE -Wstrict-prototypes -Wredundant-decls -Wall -Wundef -Wendif-labels -Wwrite-strings -Wmissing-prototypes -fno-strict-aliasing -fstack-protector-all -Wmissing-include-dirs -Wempty-body -Wnested-externs -Wformat-security -Wformat-y2k -Winit-self -Wignored-qualifiers -Werror -m64 -D_FORTIFY_SOURCE=2 -D_GNU_SOURCE -D_FILE_OFFSET_BITS=64 -D_LARGEFILE_SOURCE -Wstrict-prototypes -Wredundant-decls -Wall -Wundef -Wendif-labels -Wwrite-strings -Wmissing-prototypes -fno-strict-aliasing -fstack-protector-all -Wmissing-include-dirs -Wempty-body -Wnested-externs -Wformat-security -Wformat-y2k -Winit-self -Wignored-qualifiers -o /tmp/qemu-conf--23379-.exe /tmp/qemu-conf--23379-.c -m64 -g -Werror -Wold-style-declaration
gcc -m64 -D_FORTIFY_SOURCE=2 -D_GNU_SOURCE -D_FILE_OFFSET_BITS=64 -D_LARGEFILE_SOURCE -Wstrict-prototypes -Wredundant-decls -Wall -Wundef -Wendif-labels -Wwrite-strings -Wmissing-prototypes -fno-strict-aliasing -fstack-protector-all -Wmissing-include-dirs -Wempty-body -Wnested-externs -Wformat-security -Wformat-y2k -Winit-self -Wignored-qualifiers -Wold-style-declaration -Werror -m64 -D_FORTIFY_SOURCE=2 -D_GNU_SOURCE -D_FILE_OFFSET_BITS=64 -D_LARGEFILE_SOURCE -Wstrict-prototypes -Wredundant-decls -Wall -Wundef -Wendif-labels -Wwrite-strings -Wmissing-prototypes -fno-strict-aliasing -fstack-protector-all -Wmissing-include-dirs -Wempty-body -Wnested-externs -Wformat-security -Wformat-y2k -Winit-self -Wignored-qualifiers -Wold-style-declaration -o /tmp/qemu-conf--23379-.exe /tmp/qemu-conf--23379-.c -m64 -g -Werror -Wold-style-definition
gcc -m64 -D_FORTIFY_SOURCE=2 -D_GNU_SOURCE -D_FILE_OFFSET_BITS=64 -D_LARGEFILE_SOURCE -Wstrict-prototypes -Wredundant-decls -Wall -Wundef -Wendif-labels -Wwrite-strings -Wmissing-prototypes -fno-strict-aliasing -fstack-protector-all -Wmissing-include-dirs -Wempty-body -Wnested-externs -Wformat-security -Wformat-y2k -Winit-self -Wignored-qualifiers -Wold-style-declaration -Wold-style-definition -Werror -m64 -D_FORTIFY_SOURCE=2 -D_GNU_SOURCE -D_FILE_OFFSET_BITS=64 -D_LARGEFILE_SOURCE -Wstrict-prototypes -Wredundant-decls -Wall -Wundef -Wendif-labels -Wwrite-strings -Wmissing-prototypes -fno-strict-aliasing -fstack-protector-all -Wmissing-include-dirs -Wempty-body -Wnested-externs -Wformat-security -Wformat-y2k -Winit-self -Wignored-qualifiers -Wold-style-declaration -Wold-style-definition -o /tmp/qemu-conf--23379-.exe /tmp/qemu-conf--23379-.c -m64 -g -Werror -Wtype-limits
gcc -m64 -D_FORTIFY_SOURCE=2 -D_GNU_SOURCE -D_FILE_OFFSET_BITS=64 -D_LARGEFILE_SOURCE -Wstrict-prototypes -Wredundant-decls -Wall -Wundef -Wendif-labels -Wwrite-strings -Wmissing-prototypes -fno-strict-aliasing -fstack-protector-all -Wmissing-include-dirs -Wempty-body -Wnested-externs -Wformat-security -Wformat-y2k -Winit-self -Wignored-qualifiers -Wold-style-declaration -Wold-style-definition -Wtype-limits -o /tmp/qemu-conf--23379-.exe /tmp/qemu-conf--23379-.c -m64 -g
gcc -m64 -D_FORTIFY_SOURCE=2 -D_GNU_SOURCE -D_FILE_OFFSET_BITS=64 -D_LARGEFILE_SOURCE -Wstrict-prototypes -Wredundant-decls -Wall -Wundef -Wendif-labels -Wwrite-strings -Wmissing-prototypes -fno-strict-aliasing -fstack-protector-all -Wmissing-include-dirs -Wempty-body -Wnested-externs -Wformat-security -Wformat-y2k -Winit-self -Wignored-qualifiers -Wold-style-declaration -Wold-style-definition -Wtype-limits -c -o /tmp/qemu-conf--23379-.o /tmp/qemu-conf--23379-.c
gcc -m64 -D_FORTIFY_SOURCE=2 -D_GNU_SOURCE -D_FILE_OFFSET_BITS=64 -D_LARGEFILE_SOURCE -Wstrict-prototypes -Wredundant-decls -Wall -Wundef -Wendif-labels -Wwrite-strings -Wmissing-prototypes -fno-strict-aliasing -fstack-protector-all -Wmissing-include-dirs -Wempty-body -Wnested-externs -Wformat-security -Wformat-y2k -Winit-self -Wignored-qualifiers -Wold-style-declaration -Wold-style-definition -Wtype-limits -c -o /tmp/qemu-conf--23379-.o /tmp/qemu-conf--23379-.c
/tmp/qemu-conf--23379-.c:3:6: warning: function declaration isn’t a prototype [-Wstrict-prototypes]
 void foo()
      ^
/tmp/qemu-conf--23379-.c: In function ‘foo’:
/tmp/qemu-conf--23379-.c:3:6: warning: old-style function definition [-Wold-style-definition]
gcc -m64 -D_FORTIFY_SOURCE=2 -D_GNU_SOURCE -D_FILE_OFFSET_BITS=64 -D_LARGEFILE_SOURCE -Wstrict-prototypes -Wredundant-decls -Wall -Wundef -Wendif-labels -Wwrite-strings -Wmissing-prototypes -fno-strict-aliasing -fstack-protector-all -Wmissing-include-dirs -Wempty-body -Wnested-externs -Wformat-security -Wformat-y2k -Winit-self -Wignored-qualifiers -Wold-style-declaration -Wold-style-definition -Wtype-limits -o /tmp/qemu-conf--23379-.exe /tmp/qemu-conf--23379-.c -m64 -g -lz
gcc -m64 -D_FORTIFY_SOURCE=2 -D_GNU_SOURCE -D_FILE_OFFSET_BITS=64 -D_LARGEFILE_SOURCE -Wstrict-prototypes -Wredundant-decls -Wall -Wundef -Wendif-labels -Wwrite-strings -Wmissing-prototypes -fno-strict-aliasing -fstack-protector-all -Wmissing-include-dirs -Wempty-body -Wnested-externs -Wformat-security -Wformat-y2k -Winit-self -Wignored-qualifiers -Wold-style-declaration -Wold-style-definition -Wtype-limits -o /tmp/qemu-conf--23379-.exe /tmp/qemu-conf--23379-.c -m64 -g -lxenstore -lxenctrl -lxenguest
/tmp/qemu-conf--23379-.c:1:21: fatal error: xenctrl.h: Bestand of map bestaat niet
compilation terminated.
gcc -m64 -D_FORTIFY_SOURCE=2 -D_GNU_SOURCE -D_FILE_OFFSET_BITS=64 -D_LARGEFILE_SOURCE -Wstrict-prototypes -Wredundant-decls -Wall -Wundef -Wendif-labels -Wwrite-strings -Wmissing-prototypes -fno-strict-aliasing -fstack-protector-all -Wmissing-include-dirs -Wempty-body -Wnested-externs -Wformat-security -Wformat-y2k -Winit-self -Wignored-qualifiers -Wold-style-declaration -Wold-style-definition -Wtype-limits -D_GNU_SOURCE=1 -D_REENTRANT -I/usr/include/SDL -o /tmp/qemu-conf--23379-.exe /tmp/qemu-conf--23379-.c -m64 -g -lSDL
gcc -m64 -D_FORTIFY_SOURCE=2 -D_GNU_SOURCE -D_FILE_OFFSET_BITS=64 -D_LARGEFILE_SOURCE -Wstrict-prototypes -Wredundant-decls -Wall -Wundef -Wendif-labels -Wwrite-strings -Wmissing-prototypes -fno-strict-aliasing -fstack-protector-all -Wmissing-include-dirs -Wempty-body -Wnested-externs -Wformat-security -Wformat-y2k -Winit-self -Wignored-qualifiers -Wold-style-declaration -Wold-style-definition -Wtype-limits -D_GNU_SOURCE=1 -D_REENTRANT -I/usr/include/SDL -o /tmp/qemu-conf--23379-.exe /tmp/qemu-conf--23379-.c -m64 -g -lSDL
gcc -m64 -D_FORTIFY_SOURCE=2 -D_GNU_SOURCE -D_FILE_OFFSET_BITS=64 -D_LARGEFILE_SOURCE -Wstrict-prototypes -Wredundant-decls -Wall -Wundef -Wendif-labels -Wwrite-strings -Wmissing-prototypes -fno-strict-aliasing -fstack-protector-all -Wmissing-include-dirs -Wempty-body -Wnested-externs -Wformat-security -Wformat-y2k -Winit-self -Wignored-qualifiers -Wold-style-declaration -Wold-style-definition -Wtype-limits -o /tmp/qemu-conf--23379-.exe /tmp/qemu-conf--23379-.c -m64 -g
/tmp/qemu-conf--23379-.c:1:27: fatal error: gnutls/gnutls.h: Bestand of map bestaat niet
compilation terminated.
gcc -m64 -D_FORTIFY_SOURCE=2 -D_GNU_SOURCE -D_FILE_OFFSET_BITS=64 -D_LARGEFILE_SOURCE -Wstrict-prototypes -Wredundant-decls -Wall -Wundef -Wendif-labels -Wwrite-strings -Wmissing-prototypes -fno-strict-aliasing -fstack-protector-all -Wmissing-include-dirs -Wempty-body -Wnested-externs -Wformat-security -Wformat-y2k -Winit-self -Wignored-qualifiers -Wold-style-declaration -Wold-style-definition -Wtype-limits -o /tmp/qemu-conf--23379-.exe /tmp/qemu-conf--23379-.c -m64 -g -lsasl2
/tmp/qemu-conf--23379-.c:1:23: fatal error: sasl/sasl.h: Bestand of map bestaat niet
compilation terminated.
gcc -m64 -D_FORTIFY_SOURCE=2 -D_GNU_SOURCE -D_FILE_OFFSET_BITS=64 -D_LARGEFILE_SOURCE -Wstrict-prototypes -Wredundant-decls -Wall -Wundef -Wendif-labels -Wwrite-strings -Wmissing-prototypes -fno-strict-aliasing -fstack-protector-all -Wmissing-include-dirs -Wempty-body -Wnested-externs -Wformat-security -Wformat-y2k -Winit-self -Wignored-qualifiers -Wold-style-declaration -Wold-style-definition -Wtype-limits -o /tmp/qemu-conf--23379-.exe /tmp/qemu-conf--23379-.c -m64 -g -ljpeg
/tmp/qemu-conf--23379-.c:2:21: fatal error: jpeglib.h: Bestand of map bestaat niet
compilation terminated.
gcc -m64 -D_FORTIFY_SOURCE=2 -D_GNU_SOURCE -D_FILE_OFFSET_BITS=64 -D_LARGEFILE_SOURCE -Wstrict-prototypes -Wredundant-decls -Wall -Wundef -Wendif-labels -Wwrite-strings -Wmissing-prototypes -fno-strict-aliasing -fstack-protector-all -Wmissing-include-dirs -Wempty-body -Wnested-externs -Wformat-security -Wformat-y2k -Winit-self -Wignored-qualifiers -Wold-style-declaration -Wold-style-definition -Wtype-limits -o /tmp/qemu-conf--23379-.exe /tmp/qemu-conf--23379-.c -m64 -g -lpng
/tmp/qemu-conf--23379-.c: In function ‘main’:
/tmp/qemu-conf--23379-.c:5:17: warning: variable ‘png_ptr’ set but not used [-Wunused-but-set-variable]
     png_structp png_ptr;
                 ^
gcc -m64 -D_FORTIFY_SOURCE=2 -D_GNU_SOURCE -D_FILE_OFFSET_BITS=64 -D_LARGEFILE_SOURCE -Wstrict-prototypes -Wredundant-decls -Wall -Wundef -Wendif-labels -Wwrite-strings -Wmissing-prototypes -fno-strict-aliasing -fstack-protector-all -Wmissing-include-dirs -Wempty-body -Wnested-externs -Wformat-security -Wformat-y2k -Winit-self -Wignored-qualifiers -Wold-style-declaration -Wold-style-definition -Wtype-limits -o /tmp/qemu-conf--23379-.exe /tmp/qemu-conf--23379-.c -m64 -g
gcc -m64 -D_FORTIFY_SOURCE=2 -D_GNU_SOURCE -D_FILE_OFFSET_BITS=64 -D_LARGEFILE_SOURCE -Wstrict-prototypes -Wredundant-decls -Wall -Wundef -Wendif-labels -Wwrite-strings -Wmissing-prototypes -fno-strict-aliasing -fstack-protector-all -Wmissing-include-dirs -Wempty-body -Wnested-externs -Wformat-security -Wformat-y2k -Winit-self -Wignored-qualifiers -Wold-style-declaration -Wold-style-definition -Wtype-limits -o /tmp/qemu-conf--23379-.exe /tmp/qemu-conf--23379-.c -m64 -g -luuid
/tmp/qemu-conf--23379-.c:1:23: fatal error: uuid/uuid.h: Bestand of map bestaat niet
compilation terminated.
gcc -m64 -D_FORTIFY_SOURCE=2 -D_GNU_SOURCE -D_FILE_OFFSET_BITS=64 -D_LARGEFILE_SOURCE -Wstrict-prototypes -Wredundant-decls -Wall -Wundef -Wendif-labels -Wwrite-strings -Wmissing-prototypes -fno-strict-aliasing -fstack-protector-all -Wmissing-include-dirs -Wempty-body -Wnested-externs -Wformat-security -Wformat-y2k -Winit-self -Wignored-qualifiers -Wold-style-declaration -Wold-style-definition -Wtype-limits -o /tmp/qemu-conf--23379-.exe /tmp/qemu-conf--23379-.c -m64 -g
/tmp/qemu-conf--23379-.c:1:21: fatal error: xfs/xfs.h: Bestand of map bestaat niet
compilation terminated.
gcc -m64 -D_FORTIFY_SOURCE=2 -D_GNU_SOURCE -D_FILE_OFFSET_BITS=64 -D_LARGEFILE_SOURCE -Wstrict-prototypes -Wredundant-decls -Wall -Wundef -Wendif-labels -Wwrite-strings -Wmissing-prototypes -fno-strict-aliasing -fstack-protector-all -Wmissing-include-dirs -Wempty-body -Wnested-externs -Wformat-security -Wformat-y2k -Winit-self -Wignored-qualifiers -Wold-style-declaration -Wold-style-definition -Wtype-limits -o /tmp/qemu-conf--23379-.exe /tmp/qemu-conf--23379-.c -m64 -g -lvdeplug
/tmp/qemu-conf--23379-.c:1:24: fatal error: libvdeplug.h: Bestand of map bestaat niet
compilation terminated.
gcc -m64 -D_FORTIFY_SOURCE=2 -D_GNU_SOURCE -D_FILE_OFFSET_BITS=64 -D_LARGEFILE_SOURCE -Wstrict-prototypes -Wredundant-decls -Wall -Wundef -Wendif-labels -Wwrite-strings -Wmissing-prototypes -fno-strict-aliasing -fstack-protector-all -Wmissing-include-dirs -Wempty-body -Wnested-externs -Wformat-security -Wformat-y2k -Winit-self -Wignored-qualifiers -Wold-style-declaration -Wold-style-definition -Wtype-limits -o /tmp/qemu-conf--23379-.exe /tmp/qemu-conf--23379-.c -m64 -g -lbrlapi
/tmp/qemu-conf--23379-.c:1:20: fatal error: brlapi.h: Bestand of map bestaat niet
compilation terminated.
gcc -m64 -D_FORTIFY_SOURCE=2 -D_GNU_SOURCE -D_FILE_OFFSET_BITS=64 -D_LARGEFILE_SOURCE -Wstrict-prototypes -Wredundant-decls -Wall -Wundef -Wendif-labels -Wwrite-strings -Wmissing-prototypes -fno-strict-aliasing -fstack-protector-all -Wmissing-include-dirs -Wempty-body -Wnested-externs -Wformat-security -Wformat-y2k -Winit-self -Wignored-qualifiers -Wold-style-declaration -Wold-style-definition -Wtype-limits -o /tmp/qemu-conf--23379-.exe /tmp/qemu-conf--23379-.c -m64 -g -lncurses
/tmp/qemu-conf--23379-.c:1:20: fatal error: curses.h: Bestand of map bestaat niet
compilation terminated.
gcc -m64 -D_FORTIFY_SOURCE=2 -D_GNU_SOURCE -D_FILE_OFFSET_BITS=64 -D_LARGEFILE_SOURCE -Wstrict-prototypes -Wredundant-decls -Wall -Wundef -Wendif-labels -Wwrite-strings -Wmissing-prototypes -fno-strict-aliasing -fstack-protector-all -Wmissing-include-dirs -Wempty-body -Wnested-externs -Wformat-security -Wformat-y2k -Winit-self -Wignored-qualifiers -Wold-style-declaration -Wold-style-definition -Wtype-limits -o /tmp/qemu-conf--23379-.exe /tmp/qemu-conf--23379-.c -m64 -g -lcurses
/tmp/qemu-conf--23379-.c:1:20: fatal error: curses.h: Bestand of map bestaat niet
compilation terminated.
gcc -m64 -D_FORTIFY_SOURCE=2 -D_GNU_SOURCE -D_FILE_OFFSET_BITS=64 -D_LARGEFILE_SOURCE -Wstrict-prototypes -Wredundant-decls -Wall -Wundef -Wendif-labels -Wwrite-strings -Wmissing-prototypes -fno-strict-aliasing -fstack-protector-all -Wmissing-include-dirs -Wempty-body -Wnested-externs -Wformat-security -Wformat-y2k -Winit-self -Wignored-qualifiers -Wold-style-declaration -Wold-style-definition -Wtype-limits -o /tmp/qemu-conf--23379-.exe /tmp/qemu-conf--23379-.c -m64 -g
/tmp/qemu-conf--23379-.c:1:23: fatal error: curl/curl.h: Bestand of map bestaat niet
compilation terminated.
gcc -m64 -D_FORTIFY_SOURCE=2 -D_GNU_SOURCE -D_FILE_OFFSET_BITS=64 -D_LARGEFILE_SOURCE -Wstrict-prototypes -Wredundant-decls -Wall -Wundef -Wendif-labels -Wwrite-strings -Wmissing-prototypes -fno-strict-aliasing -fstack-protector-all -Wmissing-include-dirs -Wempty-body -Wnested-externs -Wformat-security -Wformat-y2k -Winit-self -Wignored-qualifiers -Wold-style-declaration -Wold-style-definition -Wtype-limits -o /tmp/qemu-conf--23379-.exe /tmp/qemu-conf--23379-.c -m64 -g
/tmp/qemu-conf--23379-.c:1:33: fatal error: bluetooth/bluetooth.h: Bestand of map bestaat niet
compilation terminated.
gcc -m64 -D_FORTIFY_SOURCE=2 -D_GNU_SOURCE -D_FILE_OFFSET_BITS=64 -D_LARGEFILE_SOURCE -Wstrict-prototypes -Wredundant-decls -Wall -Wundef -Wendif-labels -Wwrite-strings -Wmissing-prototypes -fno-strict-aliasing -fstack-protector-all -Wmissing-include-dirs -Wempty-body -Wnested-externs -Wformat-security -Wformat-y2k -Winit-self -Wignored-qualifiers -Wold-style-declaration -Wold-style-definition -Wtype-limits -o /tmp/qemu-conf--23379-.exe /tmp/qemu-conf--23379-.c -m64 -g
gcc -m64 -D_FORTIFY_SOURCE=2 -D_GNU_SOURCE -D_FILE_OFFSET_BITS=64 -D_LARGEFILE_SOURCE -Wstrict-prototypes -Wredundant-decls -Wall -Wundef -Wendif-labels -Wwrite-strings -Wmissing-prototypes -fno-strict-aliasing -fstack-protector-all -Wmissing-include-dirs -Wempty-body -Wnested-externs -Wformat-security -Wformat-y2k -Winit-self -Wignored-qualifiers -Wold-style-declaration -Wold-style-definition -Wtype-limits -o /tmp/qemu-conf--23379-.exe /tmp/qemu-conf--23379-.c -m64 -g
gcc -m64 -D_FORTIFY_SOURCE=2 -D_GNU_SOURCE -D_FILE_OFFSET_BITS=64 -D_LARGEFILE_SOURCE -Wstrict-prototypes -Wredundant-decls -Wall -Wundef -Wendif-labels -Wwrite-strings -Wmissing-prototypes -fno-strict-aliasing -fstack-protector-all -Wmissing-include-dirs -Wempty-body -Wnested-externs -Wformat-security -Wformat-y2k -Winit-self -Wignored-qualifiers -Wold-style-declaration -Wold-style-definition -Wtype-limits -o /tmp/qemu-conf--23379-.exe /tmp/qemu-conf--23379-.c -m64 -g
gcc -m64 -D_FORTIFY_SOURCE=2 -D_GNU_SOURCE -D_FILE_OFFSET_BITS=64 -D_LARGEFILE_SOURCE -Wstrict-prototypes -Wredundant-decls -Wall -Wundef -Wendif-labels -Wwrite-strings -Wmissing-prototypes -fno-strict-aliasing -fstack-protector-all -Wmissing-include-dirs -Wempty-body -Wnested-externs -Wformat-security -Wformat-y2k -Winit-self -Wignored-qualifiers -Wold-style-declaration -Wold-style-definition -Wtype-limits -o /tmp/qemu-conf--23379-.exe /tmp/qemu-conf--23379-.c -m64 -g
/tmp/qemu-conf--23379-.c: In function ‘main’:
/tmp/qemu-conf--23379-.c:2:1: warning: null argument where non-null required (argument 1) [-Wnonnull]
 int main(void) { pthread_create(0,0,0,0); return 0; }
 ^
/tmp/qemu-conf--23379-.c:2:1: warning: null argument where non-null required (argument 3) [-Wnonnull]
/tmp/ccXgpmGI.o: In function `main':
/tmp/qemu-conf--23379-.c:2: undefined reference to `pthread_create'
collect2: error: ld returned 1 exit status
gcc -m64 -D_FORTIFY_SOURCE=2 -D_GNU_SOURCE -D_FILE_OFFSET_BITS=64 -D_LARGEFILE_SOURCE -Wstrict-prototypes -Wredundant-decls -Wall -Wundef -Wendif-labels -Wwrite-strings -Wmissing-prototypes -fno-strict-aliasing -fstack-protector-all -Wmissing-include-dirs -Wempty-body -Wnested-externs -Wformat-security -Wformat-y2k -Winit-self -Wignored-qualifiers -Wold-style-declaration -Wold-style-definition -Wtype-limits -o /tmp/qemu-conf--23379-.exe /tmp/qemu-conf--23379-.c -m64 -g -lpthread
/tmp/qemu-conf--23379-.c: In function ‘main’:
/tmp/qemu-conf--23379-.c:2:1: warning: null argument where non-null required (argument 1) [-Wnonnull]
 int main(void) { pthread_create(0,0,0,0); return 0; }
 ^
/tmp/qemu-conf--23379-.c:2:1: warning: null argument where non-null required (argument 3) [-Wnonnull]
gcc -m64 -D_FORTIFY_SOURCE=2 -D_GNU_SOURCE -D_FILE_OFFSET_BITS=64 -D_LARGEFILE_SOURCE -Wstrict-prototypes -Wredundant-decls -Wall -Wundef -Wendif-labels -Wwrite-strings -Wmissing-prototypes -fno-strict-aliasing -fstack-protector-all -Wmissing-include-dirs -Wempty-body -Wnested-externs -Wformat-security -Wformat-y2k -Winit-self -Wignored-qualifiers -Wold-style-declaration -Wold-style-definition -Wtype-limits -o /tmp/qemu-conf--23379-.exe /tmp/qemu-conf--23379-.c -m64 -g -lrados
/tmp/qemu-conf--23379-.c:2:28: fatal error: rados/librados.h: Bestand of map bestaat niet
compilation terminated.
gcc -m64 -D_FORTIFY_SOURCE=2 -D_GNU_SOURCE -D_FILE_OFFSET_BITS=64 -D_LARGEFILE_SOURCE -Wstrict-prototypes -Wredundant-decls -Wall -Wundef -Wendif-labels -Wwrite-strings -Wmissing-prototypes -fno-strict-aliasing -fstack-protector-all -Wmissing-include-dirs -Wempty-body -Wnested-externs -Wformat-security -Wformat-y2k -Winit-self -Wignored-qualifiers -Wold-style-declaration -Wold-style-definition -Wtype-limits -o /tmp/qemu-conf--23379-.exe /tmp/qemu-conf--23379-.c -m64 -g -laio
/tmp/qemu-conf--23379-.c:1:20: fatal error: libaio.h: Bestand of map bestaat niet
compilation terminated.
gcc -m64 -D_FORTIFY_SOURCE=2 -D_GNU_SOURCE -D_FILE_OFFSET_BITS=64 -D_LARGEFILE_SOURCE -Wstrict-prototypes -Wredundant-decls -Wall -Wundef -Wendif-labels -Wwrite-strings -Wmissing-prototypes -fno-strict-aliasing -fstack-protector-all -Wmissing-include-dirs -Wempty-body -Wnested-externs -Wformat-security -Wformat-y2k -Winit-self -Wignored-qualifiers -Wold-style-declaration -Wold-style-definition -Wtype-limits -o /tmp/qemu-conf--23379-.exe /tmp/qemu-conf--23379-.c -m64 -g -lattr
/tmp/qemu-conf--23379-.c:3:24: fatal error: attr/xattr.h: Bestand of map bestaat niet
compilation terminated.
gcc -m64 -D_FORTIFY_SOURCE=2 -D_GNU_SOURCE -D_FILE_OFFSET_BITS=64 -D_LARGEFILE_SOURCE -Wstrict-prototypes -Wredundant-decls -Wall -Wundef -Wendif-labels -Wwrite-strings -Wmissing-prototypes -fno-strict-aliasing -fstack-protector-all -Wmissing-include-dirs -Wempty-body -Wnested-externs -Wformat-security -Wformat-y2k -Winit-self -Wignored-qualifiers -Wold-style-declaration -Wold-style-definition -Wtype-limits -o /tmp/qemu-conf--23379-.exe /tmp/qemu-conf--23379-.c -m64 -g
/tmp/qemu-conf--23379-.c: In function ‘main’:
/tmp/qemu-conf--23379-.c:4:31: warning: unused variable ‘iov’ [-Wunused-variable]
 int main(void) { struct iovec iov; return 0; }
                               ^
gcc -m64 -D_FORTIFY_SOURCE=2 -D_GNU_SOURCE -D_FILE_OFFSET_BITS=64 -D_LARGEFILE_SOURCE -Wstrict-prototypes -Wredundant-decls -Wall -Wundef -Wendif-labels -Wwrite-strings -Wmissing-prototypes -fno-strict-aliasing -fstack-protector-all -Wmissing-include-dirs -Wempty-body -Wnested-externs -Wformat-security -Wformat-y2k -Winit-self -Wignored-qualifiers -Wold-style-declaration -Wold-style-definition -Wtype-limits -o /tmp/qemu-conf--23379-.exe /tmp/qemu-conf--23379-.c -m64 -g
/tmp/qemu-conf--23379-.c: In function ‘main’:
/tmp/qemu-conf--23379-.c:4:18: warning: statement with no effect [-Wunused-value]
 int main(void) { preadv; }
                  ^
gcc -m64 -D_FORTIFY_SOURCE=2 -D_GNU_SOURCE -D_FILE_OFFSET_BITS=64 -D_LARGEFILE_SOURCE -Wstrict-prototypes -Wredundant-decls -Wall -Wundef -Wendif-labels -Wwrite-strings -Wmissing-prototypes -fno-strict-aliasing -fstack-protector-all -Wmissing-include-dirs -Wempty-body -Wnested-externs -Wformat-security -Wformat-y2k -Winit-self -Wignored-qualifiers -Wold-style-declaration -Wold-style-definition -Wtype-limits -o /tmp/qemu-conf--23379-.exe /tmp/qemu-conf--23379-.c -m64 -g -lfdt
/usr/bin/ld: cannot find -lfdt
collect2: error: ld returned 1 exit status
gcc -m64 -D_FORTIFY_SOURCE=2 -D_GNU_SOURCE -D_FILE_OFFSET_BITS=64 -D_LARGEFILE_SOURCE -Wstrict-prototypes -Wredundant-decls -Wall -Wundef -Wendif-labels -Wwrite-strings -Wmissing-prototypes -fno-strict-aliasing -fstack-protector-all -Wmissing-include-dirs -Wempty-body -Wnested-externs -Wformat-security -Wformat-y2k -Winit-self -Wignored-qualifiers -Wold-style-declaration -Wold-style-definition -Wtype-limits -o /tmp/qemu-conf--23379-.exe /tmp/qemu-conf--23379-.c -m64 -g -lGL
gcc -m64 -D_FORTIFY_SOURCE=2 -D_GNU_SOURCE -D_FILE_OFFSET_BITS=64 -D_LARGEFILE_SOURCE -Wstrict-prototypes -Wredundant-decls -Wall -Wundef -Wendif-labels -Wwrite-strings -Wmissing-prototypes -fno-strict-aliasing -fstack-protector-all -Wmissing-include-dirs -Wempty-body -Wnested-externs -Wformat-security -Wformat-y2k -Winit-self -Wignored-qualifiers -Wold-style-declaration -Wold-style-definition -Wtype-limits -o /tmp/qemu-conf--23379-.exe /tmp/qemu-conf--23379-.c -m64 -g
gcc -m64 -D_FORTIFY_SOURCE=2 -D_GNU_SOURCE -D_FILE_OFFSET_BITS=64 -D_LARGEFILE_SOURCE -Wstrict-prototypes -Wredundant-decls -Wall -Wundef -Wendif-labels -Wwrite-strings -Wmissing-prototypes -fno-strict-aliasing -fstack-protector-all -Wmissing-include-dirs -Wempty-body -Wnested-externs -Wformat-security -Wformat-y2k -Winit-self -Wignored-qualifiers -Wold-style-declaration -Wold-style-definition -Wtype-limits -o /tmp/qemu-conf--23379-.exe /tmp/qemu-conf--23379-.c -m64 -g
gcc -m64 -D_FORTIFY_SOURCE=2 -D_GNU_SOURCE -D_FILE_OFFSET_BITS=64 -D_LARGEFILE_SOURCE -Wstrict-prototypes -Wredundant-decls -Wall -Wundef -Wendif-labels -Wwrite-strings -Wmissing-prototypes -fno-strict-aliasing -fstack-protector-all -Wmissing-include-dirs -Wempty-body -Wnested-externs -Wformat-security -Wformat-y2k -Winit-self -Wignored-qualifiers -Wold-style-declaration -Wold-style-definition -Wtype-limits -o /tmp/qemu-conf--23379-.exe /tmp/qemu-conf--23379-.c -m64 -g
gcc -m64 -D_FORTIFY_SOURCE=2 -D_GNU_SOURCE -D_FILE_OFFSET_BITS=64 -D_LARGEFILE_SOURCE -Wstrict-prototypes -Wredundant-decls -Wall -Wundef -Wendif-labels -Wwrite-strings -Wmissing-prototypes -fno-strict-aliasing -fstack-protector-all -Wmissing-include-dirs -Wempty-body -Wnested-externs -Wformat-security -Wformat-y2k -Winit-self -Wignored-qualifiers -Wold-style-declaration -Wold-style-definition -Wtype-limits -o /tmp/qemu-conf--23379-.exe /tmp/qemu-conf--23379-.c -m64 -g
/tmp/qemu-conf--23379-.c: In function ‘main’:
/tmp/qemu-conf--23379-.c:7:5: warning: implicit declaration of function ‘utimensat’ [-Wimplicit-function-declaration]
     utimensat(AT_FDCWD, "foo", NULL, 0);
     ^
/tmp/qemu-conf--23379-.c:7:5: warning: nested extern declaration of ‘utimensat’ [-Wnested-externs]
/tmp/qemu-conf--23379-.c:8:5: warning: implicit declaration of function ‘futimens’ [-Wimplicit-function-declaration]
     futimens(0, NULL);
     ^
/tmp/qemu-conf--23379-.c:8:5: warning: nested extern declaration of ‘futimens’ [-Wnested-externs]
gcc -m64 -D_FORTIFY_SOURCE=2 -D_GNU_SOURCE -D_FILE_OFFSET_BITS=64 -D_LARGEFILE_SOURCE -Wstrict-prototypes -Wredundant-decls -Wall -Wundef -Wendif-labels -Wwrite-strings -Wmissing-prototypes -fno-strict-aliasing -fstack-protector-all -Wmissing-include-dirs -Wempty-body -Wnested-externs -Wformat-security -Wformat-y2k -Winit-self -Wignored-qualifiers -Wold-style-declaration -Wold-style-definition -Wtype-limits -o /tmp/qemu-conf--23379-.exe /tmp/qemu-conf--23379-.c -m64 -g
gcc -m64 -D_FORTIFY_SOURCE=2 -D_GNU_SOURCE -D_FILE_OFFSET_BITS=64 -D_LARGEFILE_SOURCE -Wstrict-prototypes -Wredundant-decls -Wall -Wundef -Wendif-labels -Wwrite-strings -Wmissing-prototypes -fno-strict-aliasing -fstack-protector-all -Wmissing-include-dirs -Wempty-body -Wnested-externs -Wformat-security -Wformat-y2k -Winit-self -Wignored-qualifiers -Wold-style-declaration -Wold-style-definition -Wtype-limits -o /tmp/qemu-conf--23379-.exe /tmp/qemu-conf--23379-.c -m64 -g
gcc -m64 -D_FORTIFY_SOURCE=2 -D_GNU_SOURCE -D_FILE_OFFSET_BITS=64 -D_LARGEFILE_SOURCE -Wstrict-prototypes -Wredundant-decls -Wall -Wundef -Wendif-labels -Wwrite-strings -Wmissing-prototypes -fno-strict-aliasing -fstack-protector-all -Wmissing-include-dirs -Wempty-body -Wnested-externs -Wformat-security -Wformat-y2k -Winit-self -Wignored-qualifiers -Wold-style-declaration -Wold-style-definition -Wtype-limits -o /tmp/qemu-conf--23379-.exe /tmp/qemu-conf--23379-.c -m64 -g
/tmp/qemu-conf--23379-.c: In function ‘main’:
/tmp/qemu-conf--23379-.c:9:5: warning: ‘fd’ is used uninitialized in this function [-Wuninitialized]
     splice(STDIN_FILENO, NULL, fd, NULL, len, SPLICE_F_MOVE);
     ^
gcc -m64 -D_FORTIFY_SOURCE=2 -D_GNU_SOURCE -D_FILE_OFFSET_BITS=64 -D_LARGEFILE_SOURCE -Wstrict-prototypes -Wredundant-decls -Wall -Wundef -Wendif-labels -Wwrite-strings -Wmissing-prototypes -fno-strict-aliasing -fstack-protector-all -Wmissing-include-dirs -Wempty-body -Wnested-externs -Wformat-security -Wformat-y2k -Winit-self -Wignored-qualifiers -Wold-style-declaration -Wold-style-definition -Wtype-limits -o /tmp/qemu-conf--23379-.exe /tmp/qemu-conf--23379-.c -m64 -g
/tmp/qemu-conf--23379-.c:1:0: warning: "_GNU_SOURCE" redefined
 #define _GNU_SOURCE
 ^
<command-line>:0:0: note: this is the location of the previous definition
gcc -m64 -D_FORTIFY_SOURCE=2 -D_GNU_SOURCE -D_FILE_OFFSET_BITS=64 -D_LARGEFILE_SOURCE -Wstrict-prototypes -Wredundant-decls -Wall -Wundef -Wendif-labels -Wwrite-strings -Wmissing-prototypes -fno-strict-aliasing -fstack-protector-all -Wmissing-include-dirs -Wempty-body -Wnested-externs -Wformat-security -Wformat-y2k -Winit-self -Wignored-qualifiers -Wold-style-declaration -Wold-style-definition -Wtype-limits -o /tmp/qemu-conf--23379-.exe /tmp/qemu-conf--23379-.c -m64 -g
/tmp/qemu-conf--23379-.c: In function ‘main’:
/tmp/qemu-conf--23379-.c:5:9: warning: unused variable ‘efd’ [-Wunused-variable]
     int efd = eventfd(0, 0);
         ^
gcc -m64 -D_FORTIFY_SOURCE=2 -D_GNU_SOURCE -D_FILE_OFFSET_BITS=64 -D_LARGEFILE_SOURCE -Wstrict-prototypes -Wredundant-decls -Wall -Wundef -Wendif-labels -Wwrite-strings -Wmissing-prototypes -fno-strict-aliasing -fstack-protector-all -Wmissing-include-dirs -Wempty-body -Wnested-externs -Wformat-security -Wformat-y2k -Winit-self -Wignored-qualifiers -Wold-style-declaration -Wold-style-definition -Wtype-limits -o /tmp/qemu-conf--23379-.exe /tmp/qemu-conf--23379-.c -m64 -g
gcc -m64 -D_FORTIFY_SOURCE=2 -D_GNU_SOURCE -D_FILE_OFFSET_BITS=64 -D_LARGEFILE_SOURCE -Wstrict-prototypes -Wredundant-decls -Wall -Wundef -Wendif-labels -Wwrite-strings -Wmissing-prototypes -fno-strict-aliasing -fstack-protector-all -Wmissing-include-dirs -Wempty-body -Wnested-externs -Wformat-security -Wformat-y2k -Winit-self -Wignored-qualifiers -Wold-style-declaration -Wold-style-definition -Wtype-limits -o /tmp/qemu-conf--23379-.exe /tmp/qemu-conf--23379-.c -m64 -g
gcc -m64 -D_FORTIFY_SOURCE=2 -D_GNU_SOURCE -D_FILE_OFFSET_BITS=64 -D_LARGEFILE_SOURCE -Wstrict-prototypes -Wredundant-decls -Wall -Wundef -Wendif-labels -Wwrite-strings -Wmissing-prototypes -fno-strict-aliasing -fstack-protector-all -Wmissing-include-dirs -Wempty-body -Wnested-externs -Wformat-security -Wformat-y2k -Winit-self -Wignored-qualifiers -Wold-style-declaration -Wold-style-definition -Wtype-limits -o /tmp/qemu-conf--23379-.exe /tmp/qemu-conf--23379-.c -m64 -g
gcc -m64 -D_FORTIFY_SOURCE=2 -D_GNU_SOURCE -D_FILE_OFFSET_BITS=64 -D_LARGEFILE_SOURCE -Wstrict-prototypes -Wredundant-decls -Wall -Wundef -Wendif-labels -Wwrite-strings -Wmissing-prototypes -fno-strict-aliasing -fstack-protector-all -Wmissing-include-dirs -Wempty-body -Wnested-externs -Wformat-security -Wformat-y2k -Winit-self -Wignored-qualifiers -Wold-style-declaration -Wold-style-definition -Wtype-limits -o /tmp/qemu-conf--23379-.exe /tmp/qemu-conf--23379-.c -m64 -g
gcc -m64 -D_FORTIFY_SOURCE=2 -D_GNU_SOURCE -D_FILE_OFFSET_BITS=64 -D_LARGEFILE_SOURCE -Wstrict-prototypes -Wredundant-decls -Wall -Wundef -Wendif-labels -Wwrite-strings -Wmissing-prototypes -fno-strict-aliasing -fstack-protector-all -Wmissing-include-dirs -Wempty-body -Wnested-externs -Wformat-security -Wformat-y2k -Winit-self -Wignored-qualifiers -Wold-style-declaration -Wold-style-definition -Wtype-limits -o /tmp/qemu-conf--23379-.exe /tmp/qemu-conf--23379-.c -m64 -g
gcc -m64 -D_FORTIFY_SOURCE=2 -D_GNU_SOURCE -D_FILE_OFFSET_BITS=64 -D_LARGEFILE_SOURCE -Wstrict-prototypes -Wredundant-decls -Wall -Wundef -Wendif-labels -Wwrite-strings -Wmissing-prototypes -fno-strict-aliasing -fstack-protector-all -Wmissing-include-dirs -Wempty-body -Wnested-externs -Wformat-security -Wformat-y2k -Winit-self -Wignored-qualifiers -Wold-style-declaration -Wold-style-definition -Wtype-limits -o /tmp/qemu-conf--23379-.exe /tmp/qemu-conf--23379-.c -m64 -g
gcc -m64 -D_FORTIFY_SOURCE=2 -D_GNU_SOURCE -D_FILE_OFFSET_BITS=64 -D_LARGEFILE_SOURCE -Wstrict-prototypes -Wredundant-decls -Wall -Wundef -Wendif-labels -Wwrite-strings -Wmissing-prototypes -fno-strict-aliasing -fstack-protector-all -Wmissing-include-dirs -Wempty-body -Wnested-externs -Wformat-security -Wformat-y2k -Winit-self -Wignored-qualifiers -Wold-style-declaration -Wold-style-definition -Wtype-limits -o /tmp/qemu-conf--23379-.exe /tmp/qemu-conf--23379-.c -m64 -g
gcc -m64 -D_FORTIFY_SOURCE=2 -D_GNU_SOURCE -D_FILE_OFFSET_BITS=64 -D_LARGEFILE_SOURCE -Wstrict-prototypes -Wredundant-decls -Wall -Wundef -Wendif-labels -Wwrite-strings -Wmissing-prototypes -fno-strict-aliasing -fstack-protector-all -Wmissing-include-dirs -Wempty-body -Wnested-externs -Wformat-security -Wformat-y2k -Winit-self -Wignored-qualifiers -Wold-style-declaration -Wold-style-definition -Wtype-limits -o /tmp/qemu-conf--23379-.exe /tmp/qemu-conf--23379-.c -m64 -g
gcc -m64 -D_FORTIFY_SOURCE=2 -D_GNU_SOURCE -D_FILE_OFFSET_BITS=64 -D_LARGEFILE_SOURCE -Wstrict-prototypes -Wredundant-decls -Wall -Wundef -Wendif-labels -Wwrite-strings -Wmissing-prototypes -fno-strict-aliasing -fstack-protector-all -Wmissing-include-dirs -Wempty-body -Wnested-externs -Wformat-security -Wformat-y2k -Winit-self -Wignored-qualifiers -Wold-style-declaration -Wold-style-definition -Wtype-limits -o /tmp/qemu-conf--23379-.exe /tmp/qemu-conf--23379-.c -m64 -g
/tmp/qemu-conf--23379-.c:1:24: fatal error: sys/endian.h: Bestand of map bestaat niet
compilation terminated.
gcc -m64 -D_FORTIFY_SOURCE=2 -D_GNU_SOURCE -D_FILE_OFFSET_BITS=64 -D_LARGEFILE_SOURCE -Wstrict-prototypes -Wredundant-decls -Wall -Wundef -Wendif-labels -Wwrite-strings -Wmissing-prototypes -fno-strict-aliasing -fstack-protector-all -Wmissing-include-dirs -Wempty-body -Wnested-externs -Wformat-security -Wformat-y2k -Winit-self -Wignored-qualifiers -Wold-style-declaration -Wold-style-definition -Wtype-limits -o /tmp/qemu-conf--23379-.exe /tmp/qemu-conf--23379-.c -m64 -g
/tmp/qemu-conf--23379-.c: In function ‘main’:
/tmp/qemu-conf--23379-.c:3:39: warning: ‘id’ is used uninitialized in this function [-Wuninitialized]
 int main(void) { clockid_t id; return clock_gettime(id, NULL); }
                                       ^
/tmp/qemu-conf--23379-.c:3:28: note: ‘id’ was declared here
 int main(void) { clockid_t id; return clock_gettime(id, NULL); }
                            ^
gcc -m64 -D_FORTIFY_SOURCE=2 -D_GNU_SOURCE -D_FILE_OFFSET_BITS=64 -D_LARGEFILE_SOURCE -Wstrict-prototypes -Wredundant-decls -Wall -Wundef -Wendif-labels -Wwrite-strings -Wmissing-prototypes -fno-strict-aliasing -fstack-protector-all -Wmissing-include-dirs -Wempty-body -Wnested-externs -Wformat-security -Wformat-y2k -Winit-self -Wignored-qualifiers -Wold-style-declaration -Wold-style-definition -Wtype-limits -o /tmp/qemu-conf--23379-.exe /tmp/qemu-conf--23379-.c -m64 -g
gcc -m64 -D_FORTIFY_SOURCE=2 -D_GNU_SOURCE -D_FILE_OFFSET_BITS=64 -D_LARGEFILE_SOURCE -Wstrict-prototypes -Wredundant-decls -Wall -Wundef -Wendif-labels -Wwrite-strings -Wmissing-prototypes -fno-strict-aliasing -fstack-protector-all -Wmissing-include-dirs -Wempty-body -Wnested-externs -Wformat-security -Wformat-y2k -Winit-self -Wignored-qualifiers -Wold-style-declaration -Wold-style-definition -Wtype-limits -o /tmp/qemu-conf--23379-.exe /tmp/qemu-conf--23379-.c -m64 -g
gcc -m64 -D_FORTIFY_SOURCE=2 -D_GNU_SOURCE -D_FILE_OFFSET_BITS=64 -D_LARGEFILE_SOURCE -Wstrict-prototypes -Wredundant-decls -Wall -Wundef -Wendif-labels -Wwrite-strings -Wmissing-prototypes -fno-strict-aliasing -fstack-protector-all -Wmissing-include-dirs -Wempty-body -Wnested-externs -Wformat-security -Wformat-y2k -Winit-self -Wignored-qualifiers -Wold-style-declaration -Wold-style-definition -Wtype-limits -o /tmp/qemu-conf--23379-.exe /tmp/qemu-conf--23379-.c -m64 -g
gcc -m64 -D_FORTIFY_SOURCE=2 -D_GNU_SOURCE -D_FILE_OFFSET_BITS=64 -D_LARGEFILE_SOURCE -Wstrict-prototypes -Wredundant-decls -Wall -Wundef -Wendif-labels -Wwrite-strings -Wmissing-prototypes -fno-strict-aliasing -fstack-protector-all -Wmissing-include-dirs -Wempty-body -Wnested-externs -Wformat-security -Wformat-y2k -Winit-self -Wignored-qualifiers -Wold-style-declaration -Wold-style-definition -Wtype-limits -o /tmp/qemu-conf--23379-.exe /tmp/qemu-conf--23379-.c -m64 -g
gcc -m64 -D_FORTIFY_SOURCE=2 -D_GNU_SOURCE -D_FILE_OFFSET_BITS=64 -D_LARGEFILE_SOURCE -Wstrict-prototypes -Wredundant-decls -Wall -Wundef -Wendif-labels -Wwrite-strings -Wmissing-prototypes -fno-strict-aliasing -fstack-protector-all -Wmissing-include-dirs -Wempty-body -Wnested-externs -Wformat-security -Wformat-y2k -Winit-self -Wignored-qualifiers -Wold-style-declaration -Wold-style-definition -Wtype-limits -o /tmp/qemu-conf--23379-.exe /tmp/qemu-conf--23379-.c -m64 -g
